[debug] [2020-12-12T17:54:58.798Z] ----------------------------------------------------------------------
[debug] [2020-12-12T17:54:58.806Z] Command:       C:\Program Files\nodejs\node.exe C:\Program Files\nodejs\node_modules\firebase-tools\lib\bin\firebase.js init
[debug] [2020-12-12T17:54:58.807Z] CLI Version:   8.19.0
[debug] [2020-12-12T17:54:58.808Z] Platform:      win32
[debug] [2020-12-12T17:54:58.808Z] Node Version:  v12.18.1
[debug] [2020-12-12T17:54:58.812Z] Time:          Sat Dec 12 2020 12:54:58 GMT-0500 (GMT-05:00)
[debug] [2020-12-12T17:54:58.813Z] ----------------------------------------------------------------------
[debug] [2020-12-12T17:54:58.814Z] 
[debug] [2020-12-12T17:54:58.834Z] > command requires scopes: ["email","openid","https://www.googleapis.com/auth/cloudplatformprojects.readonly","https://www.googleapis.com/auth/firebase","https://www.googleapis.com/auth/cloud-platform"]
[debug] [2020-12-12T17:54:58.836Z] > authorizing via signed-in user
[info] 
     ######## #### ########  ######## ########     ###     ######  ########
     ##        ##  ##     ## ##       ##     ##  ##   ##  ##       ##
     ######    ##  ########  ######   ########  #########  ######  ######
     ##        ##  ##    ##  ##       ##     ## ##     ##       ## ##
     ##       #### ##     ## ######## ########  ##     ##  ######  ########

You're about to initialize a Firebase project in this directory:

  E:\Angular\editor

[info] 
=== Project Setup
[info] 
[info] First, let's associate this project directory with a Firebase project.
[info] You can create multiple project aliases by running firebase use --add, 
[info] but for now we'll just set up a default project.
[info] 
[debug] [2020-12-12T17:56:01.650Z] > refreshing access token with scopes: ["email","https://www.googleapis.com/auth/cloud-platform","https://www.googleapis.com/auth/cloudplatformprojects.readonly","https://www.googleapis.com/auth/firebase","openid"]
[debug] [2020-12-12T17:56:01.652Z] >>> HTTP REQUEST POST https://www.googleapis.com/oauth2/v3/token  
 <request body omitted>
[debug] [2020-12-12T17:56:02.022Z] <<< HTTP RESPONSE 200 {"pragma":"no-cache","expires":"Mon, 01 Jan 1990 00:00:00 GMT","cache-control":"no-cache, no-store, max-age=0, must-revalidate","date":"Sat, 12 Dec 2020 17:56:02 GMT","content-type":"application/json; charset=utf-8","vary":"X-Origin, Referer, Origin,Accept-Encoding","server":"scaffolding on HTTPServer2","x-xss-protection":"0","x-frame-options":"SAMEORIGIN","x-content-type-options":"nosniff","alt-svc":"h3-29=\":443\"; ma=2592000,h3-T051=\":443\"; ma=2592000,h3-Q050=\":443\"; ma=2592000,h3-Q046=\":443\"; ma=2592000,h3-Q043=\":443\"; ma=2592000,quic=\":443\"; ma=2592000; v=\"46,43\"","accept-ranges":"none","transfer-encoding":"chunked"}
[debug] [2020-12-12T17:56:02.093Z] >>> HTTP REQUEST GET https://firebase.googleapis.com/v1beta1/projects?pageSize=100  
 
[debug] [2020-12-12T17:56:02.567Z] <<< HTTP RESPONSE 200 {"content-type":"application/json; charset=UTF-8","vary":"X-Origin, Referer, Origin,Accept-Encoding","date":"Sat, 12 Dec 2020 17:56:02 GMT","server":"ESF","cache-control":"private","x-xss-protection":"0","x-frame-options":"SAMEORIGIN","x-content-type-options":"nosniff","alt-svc":"h3-29=\":443\"; ma=2592000,h3-T051=\":443\"; ma=2592000,h3-Q050=\":443\"; ma=2592000,h3-Q046=\":443\"; ma=2592000,h3-Q043=\":443\"; ma=2592000,quic=\":443\"; ma=2592000; v=\"46,43\"","accept-ranges":"none","transfer-encoding":"chunked"}
[info] i  Using project mlmangelbrena (mlmangelbrena) 
[info] 
=== Database Setup
[info] i  database: ensuring required API firebasedatabase.googleapis.com is enabled... 
[debug] [2020-12-12T17:56:07.255Z] >>> HTTP REQUEST GET https://serviceusage.googleapis.com/v1/projects/mlmangelbrena/services/firebasedatabase.googleapis.com  
 
[debug] [2020-12-12T17:56:08.609Z] <<< HTTP RESPONSE 200 {"content-type":"application/json; charset=UTF-8","vary":"X-Origin, Referer, Origin,Accept-Encoding","date":"Sat, 12 Dec 2020 17:56:08 GMT","server":"ESF","cache-control":"private","x-xss-protection":"0","x-frame-options":"SAMEORIGIN","x-content-type-options":"nosniff","alt-svc":"h3-29=\":443\"; ma=2592000,h3-T051=\":443\"; ma=2592000,h3-Q050=\":443\"; ma=2592000,h3-Q046=\":443\"; ma=2592000,h3-Q043=\":443\"; ma=2592000,quic=\":443\"; ma=2592000; v=\"46,43\"","accept-ranges":"none","transfer-encoding":"chunked"}
[info] +  database: required API firebasedatabase.googleapis.com is enabled 
[info] 
[debug] [2020-12-12T17:56:08.617Z] >>> HTTP REQUEST GET https://firebasedatabase.googleapis.com/v1beta/projects/mlmangelbrena/locations/-/instances/mlmangelbrena  
 
[debug] [2020-12-12T17:56:09.893Z] <<< HTTP RESPONSE 200 {"content-type":"application/json; charset=UTF-8","vary":"X-Origin, Referer, Origin,Accept-Encoding","date":"Sat, 12 Dec 2020 17:56:10 GMT","server":"ESF","cache-control":"private","x-xss-protection":"0","x-frame-options":"SAMEORIGIN","x-content-type-options":"nosniff","alt-svc":"h3-29=\":443\"; ma=2592000,h3-T051=\":443\"; ma=2592000,h3-Q050=\":443\"; ma=2592000,h3-Q046=\":443\"; ma=2592000,h3-Q043=\":443\"; ma=2592000,quic=\":443\"; ma=2592000; v=\"46,43\"","accept-ranges":"none","transfer-encoding":"chunked"}
[info] 
[info] Firebase Realtime Database Security Rules allow you to define how your data should be
[info] structured and when your data can be read from and written to.
[info] 
[debug] [2020-12-12T17:56:18.133Z] >>> HTTP REQUEST GET https://mlmangelbrena.firebaseio.com/.settings/rules.json  
 
[debug] [2020-12-12T17:56:19.181Z] <<< HTTP RESPONSE 200 {"server":"nginx","date":"Sat, 12 Dec 2020 17:56:19 GMT","content-type":"application/json; charset=utf-8","content-length":"161","connection":"keep-alive","access-control-allow-origin":"*","cache-control":"no-cache","strict-transport-security":"max-age=31556926; includeSubDomains; preload"}
[info] +  Database Rules for mlmangelbrena have been written to database.rules.json. 
[info] Future modifications to database.rules.json will update Realtime Database Security Rules when you run
[info] firebase deploy.
[info] 
=== Firestore Setup
[debug] [2020-12-12T17:56:19.273Z] >>> HTTP REQUEST GET https://serviceusage.googleapis.com/v1/projects/mlmangelbrena/services/firestore.googleapis.com  
 
[debug] [2020-12-12T17:56:20.581Z] <<< HTTP RESPONSE 200 {"content-type":"application/json; charset=UTF-8","vary":"X-Origin, Referer, Origin,Accept-Encoding","date":"Sat, 12 Dec 2020 17:56:20 GMT","server":"ESF","cache-control":"private","x-xss-protection":"0","x-frame-options":"SAMEORIGIN","x-content-type-options":"nosniff","alt-svc":"h3-29=\":443\"; ma=2592000,h3-T051=\":443\"; ma=2592000,h3-Q050=\":443\"; ma=2592000,h3-Q046=\":443\"; ma=2592000,h3-Q043=\":443\"; ma=2592000,quic=\":443\"; ma=2592000; v=\"46,43\"","accept-ranges":"none","transfer-encoding":"chunked"}
[debug] [2020-12-12T17:56:20.586Z] >>> HTTP REQUEST GET https://appengine.googleapis.com/v1/apps/mlmangelbrena  
 
[debug] [2020-12-12T17:56:21.461Z] <<< HTTP RESPONSE 200 {"content-type":"application/json; charset=UTF-8","vary":"X-Origin, Referer, Origin,Accept-Encoding","date":"Sat, 12 Dec 2020 17:56:21 GMT","server":"ESF","cache-control":"private","x-xss-protection":"0","x-frame-options":"SAMEORIGIN","x-content-type-options":"nosniff","alt-svc":"h3-29=\":443\"; ma=2592000,h3-T051=\":443\"; ma=2592000,h3-Q050=\":443\"; ma=2592000,h3-Q046=\":443\"; ma=2592000,h3-Q043=\":443\"; ma=2592000,quic=\":443\"; ma=2592000; v=\"46,43\"","accept-ranges":"none","transfer-encoding":"chunked"}
[debug] [2020-12-12T17:56:21.464Z] database_type: CLOUD_FIRESTORE
[debug] [2020-12-12T17:56:21.467Z] > command requires scopes: ["email","openid","https://www.googleapis.com/auth/cloudplatformprojects.readonly","https://www.googleapis.com/auth/firebase","https://www.googleapis.com/auth/cloud-platform"]
[debug] [2020-12-12T17:56:21.470Z] > authorizing via signed-in user
[debug] [2020-12-12T17:56:21.472Z] [iam] checking project mlmangelbrena for permissions ["firebase.projects.get"]
[debug] [2020-12-12T17:56:21.475Z] >>> HTTP REQUEST POST https://cloudresourcemanager.googleapis.com/v1/projects/mlmangelbrena:testIamPermissions  
 {"permissions":["firebase.projects.get"]}
[debug] [2020-12-12T17:56:22.611Z] <<< HTTP RESPONSE 200 {"content-type":"application/json; charset=UTF-8","vary":"X-Origin, Referer, Origin,Accept-Encoding","date":"Sat, 12 Dec 2020 17:56:22 GMT","server":"ESF","cache-control":"private","x-xss-protection":"0","x-frame-options":"SAMEORIGIN","x-content-type-options":"nosniff","server-timing":"gfet4t7; dur=872","alt-svc":"h3-29=\":443\"; ma=2592000,h3-T051=\":443\"; ma=2592000,h3-Q050=\":443\"; ma=2592000,h3-Q046=\":443\"; ma=2592000,h3-Q043=\":443\"; ma=2592000,quic=\":443\"; ma=2592000; v=\"46,43\"","accept-ranges":"none","transfer-encoding":"chunked"}
[info] 
[info] Firestore Security Rules allow you to define how and when to allow
[info] requests. You can keep these rules in your project directory
[info] and publish them with firebase deploy.
[info] 
[debug] [2020-12-12T17:56:27.839Z] >>> HTTP REQUEST GET https://firebaserules.googleapis.com/v1/projects/mlmangelbrena/releases?pageSize=10&pageToken=  
 
[debug] [2020-12-12T17:56:29.243Z] <<< HTTP RESPONSE 200 {"content-type":"application/json; charset=UTF-8","vary":"X-Origin, Referer, Origin,Accept-Encoding","date":"Sat, 12 Dec 2020 17:56:29 GMT","server":"ESF","cache-control":"private","x-xss-protection":"0","x-frame-options":"SAMEORIGIN","x-content-type-options":"nosniff","alt-svc":"h3-29=\":443\"; ma=2592000,h3-T051=\":443\"; ma=2592000,h3-Q050=\":443\"; ma=2592000,h3-Q046=\":443\"; ma=2592000,h3-Q043=\":443\"; ma=2592000,quic=\":443\"; ma=2592000; v=\"46,43\"","accept-ranges":"none","transfer-encoding":"chunked"}
[debug] [2020-12-12T17:56:29.246Z] Found ruleset: projects/mlmangelbrena/rulesets/0acc4968-8524-4c3e-84c7-3eabef4835bf
[debug] [2020-12-12T17:56:29.248Z] >>> HTTP REQUEST GET https://firebaserules.googleapis.com/v1/projects/mlmangelbrena/rulesets/0acc4968-8524-4c3e-84c7-3eabef4835bf  
 
[debug] [2020-12-12T17:56:30.280Z] <<< HTTP RESPONSE 200 {"content-type":"application/json; charset=UTF-8","vary":"X-Origin, Referer, Origin,Accept-Encoding","date":"Sat, 12 Dec 2020 17:56:30 GMT","server":"ESF","cache-control":"private","x-xss-protection":"0","x-frame-options":"SAMEORIGIN","x-content-type-options":"nosniff","alt-svc":"h3-29=\":443\"; ma=2592000,h3-T051=\":443\"; ma=2592000,h3-Q050=\":443\"; ma=2592000,h3-Q046=\":443\"; ma=2592000,h3-Q043=\":443\"; ma=2592000,quic=\":443\"; ma=2592000; v=\"46,43\"","accept-ranges":"none","transfer-encoding":"chunked"}
[info] 
[info] Firestore indexes allow you to perform complex queries while
[info] maintaining performance that scales with the size of the result
[info] set. You can keep index definitions in your project directory
[info] and publish them with firebase deploy.
[info] 
[debug] [2020-12-12T17:56:34.675Z] >>> HTTP REQUEST GET https://firestore.googleapis.com/v1/projects/mlmangelbrena/databases/(default)/collectionGroups/-/indexes  
 
[debug] [2020-12-12T17:56:34.678Z] >>> HTTP REQUEST GET https://firestore.googleapis.com/v1/projects/mlmangelbrena/databases/(default)/collectionGroups/-/fields?filter=indexConfig.usesAncestorConfig=false  
 
[debug] [2020-12-12T17:56:35.352Z] <<< HTTP RESPONSE 200 {"content-type":"application/json; charset=UTF-8","vary":"X-Origin, Referer, Origin,Accept-Encoding","date":"Sat, 12 Dec 2020 17:56:35 GMT","server":"ESF","cache-control":"private","x-xss-protection":"0","x-frame-options":"SAMEORIGIN","x-content-type-options":"nosniff","alt-svc":"h3-29=\":443\"; ma=2592000,h3-T051=\":443\"; ma=2592000,h3-Q050=\":443\"; ma=2592000,h3-Q046=\":443\"; ma=2592000,h3-Q043=\":443\"; ma=2592000,quic=\":443\"; ma=2592000; v=\"46,43\"","accept-ranges":"none","transfer-encoding":"chunked"}
[debug] [2020-12-12T17:56:35.390Z] <<< HTTP RESPONSE 200 {"content-type":"application/json; charset=UTF-8","vary":"X-Origin, Referer, Origin,Accept-Encoding","date":"Sat, 12 Dec 2020 17:56:35 GMT","server":"ESF","cache-control":"private","x-xss-protection":"0","x-frame-options":"SAMEORIGIN","x-content-type-options":"nosniff","alt-svc":"h3-29=\":443\"; ma=2592000,h3-T051=\":443\"; ma=2592000,h3-Q050=\":443\"; ma=2592000,h3-Q046=\":443\"; ma=2592000,h3-Q043=\":443\"; ma=2592000,quic=\":443\"; ma=2592000; v=\"46,43\"","accept-ranges":"none","transfer-encoding":"chunked"}
[info] 
=== Hosting Setup
[info] 
[info] Your public directory is the folder (relative to your project directory) that
[info] will contain Hosting assets to be uploaded with firebase deploy. If you
[info] have a build process for your assets, use your build's output directory.
[info] 
[debug] [2020-12-12T17:56:47.610Z] >>> [apiv2][query] GET https://www.gstatic.com/firebasejs/releases.json [none]
[debug] [2020-12-12T17:56:48.747Z] <<< [apiv2][status] GET https://www.gstatic.com/firebasejs/releases.json 200
[debug] [2020-12-12T17:56:48.748Z] <<< [apiv2][body] GET https://www.gstatic.com/firebasejs/releases.json {"current":{"version":"8.2.0","browserURL":"https://www.gstatic.com/firebasejs/8.2.0/firebase.js","packageURL":"https://www.gstatic.com/firebasejs/8.2.0/firebase.tgz"},"live":{"version":"8.2","browserURL":"https://www.gstatic.com/firebasejs/live/8.2/firebase.js","packageURL":"https://www.gstatic.com/firebasejs/live/8.2/firebase.tgz"},"components":{"analytics":"https://www.gstatic.com/firebasejs/8.2.0/firebase-analytics.js","app":"https://www.gstatic.com/firebasejs/8.2.0/firebase-app.js","auth":"https://www.gstatic.com/firebasejs/8.2.0/firebase-auth.js","database":"https://www.gstatic.com/firebasejs/8.2.0/firebase-database.js","firestore":"https://www.gstatic.com/firebasejs/8.2.0/firebase-firestore.js","functions":"https://www.gstatic.com/firebasejs/8.2.0/firebase-functions.js","installations":"https://www.gstatic.com/firebasejs/8.2.0/firebase-installations.js","messaging":"https://www.gstatic.com/firebasejs/8.2.0/firebase-messaging.js","storage":"https://www.gstatic.com/firebasejs/8.2.0/firebase-storage.js","performance":"https://www.gstatic.com/firebasejs/8.2.0/firebase-performance.js","remote-config":"https://www.gstatic.com/firebasejs/8.2.0/firebase-remote-config.js","firestore.memory":"https://www.gstatic.com/firebasejs/8.2.0/firebase-firestore.memory.js"}}
[info] +  Wrote public/index.html 
[info] 
[info] i  Detected a .git folder at E:\Angular\editor 
[info] i  Authorizing with GitHub to upload your service account to a GitHub repository's secrets store. 
[info] 
[info] Visit this URL on this device to log in:
[info] https://github.com/login/oauth/authorize?client_id=89cf50f02ac6aaed3484&state=591668616&redirect_uri=http%3A%2F%2Flocalhost%3A9005&scope=read%3Auser%20repo%20public_repo
[info] 
[info] Waiting for authentication...
[debug] [2020-12-12T17:56:51.338Z] >>> HTTP REQUEST POST https://github.com/login/oauth/access_token  
 {"client_id":"89cf50f02ac6aaed3484","client_secret":"3330d14abc895d9a74d5f17cd7a00711fa2c5bf0","code":"810e388699a8b70f14f9","redirect_uri":"http://localhost:9005","state":"591668616"}
[debug] [2020-12-12T17:56:51.843Z] <<< HTTP RESPONSE 200 {"server":"GitHub.com","date":"Sat, 12 Dec 2020 17:56:52 GMT","content-type":"application/json; charset=utf-8","transfer-encoding":"chunked","status":"200 OK","vary":"X-PJAX, Accept-Encoding, Accept, X-Requested-With","etag":"W/\"02289c5b1c8115e465d3d4fdee4d90cb\"","cache-control":"max-age=0, private, must-revalidate","strict-transport-security":"max-age=31536000; includeSubdomains; preload","x-frame-options":"deny","x-content-type-options":"nosniff","x-xss-protection":"1; mode=block","referrer-policy":"origin-when-cross-origin, strict-origin-when-cross-origin","expect-ct":"max-age=2592000, report-uri=\"https://api.github.com/_private/browser/errors\"","content-security-policy":"default-src 'none'; base-uri 'self'; block-all-mixed-content; connect-src 'self' uploads.github.com www.githubstatus.com collector.githubapp.com api.github.com github-cloud.s3.amazonaws.com github-production-repository-file-5c1aeb.s3.amazonaws.com github-production-upload-manifest-file-7fdce7.s3.amazonaws.com github-production-user-asset-6210df.s3.amazonaws.com cdn.optimizely.com logx.optimizely.com/v1/events wss://alive.github.com; font-src github.githubassets.com; form-action 'self' github.com gist.github.com; frame-ancestors 'none'; frame-src render.githubusercontent.com; img-src 'self' data: github.githubassets.com identicons.github.com collector.githubapp.com github-cloud.s3.amazonaws.com *.githubusercontent.com; manifest-src 'self'; media-src 'none'; script-src github.githubassets.com; style-src 'unsafe-inline' github.githubassets.com; worker-src github.com/socket-worker-5029ae85.js gist.github.com/socket-worker-5029ae85.js","x-github-request-id":"D50E:7E46:D13F6B:126DFEB:5FD50463"}
[debug] [2020-12-12T17:56:51.847Z] >>> [apiv2][query] GET https://api.github.com/user [none]
[debug] [2020-12-12T17:56:52.411Z] <<< [apiv2][status] GET https://api.github.com/user 200
[debug] [2020-12-12T17:56:52.412Z] <<< [apiv2][body] GET https://api.github.com/user {"login":"josedavila2745","id":48841072,"node_id":"MDQ6VXNlcjQ4ODQxMDcy","avatar_url":"https://avatars0.githubusercontent.com/u/48841072?v=4","gravatar_id":"","url":"https://api.github.com/users/josedavila2745","html_url":"https://github.com/josedavila2745","followers_url":"https://api.github.com/users/josedavila2745/followers","following_url":"https://api.github.com/users/josedavila2745/following{/other_user}","gists_url":"https://api.github.com/users/josedavila2745/gists{/gist_id}","starred_url":"https://api.github.com/users/josedavila2745/starred{/owner}{/repo}","subscriptions_url":"https://api.github.com/users/josedavila2745/subscriptions","organizations_url":"https://api.github.com/users/josedavila2745/orgs","repos_url":"https://api.github.com/users/josedavila2745/repos","events_url":"https://api.github.com/users/josedavila2745/events{/privacy}","received_events_url":"https://api.github.com/users/josedavila2745/received_events","type":"User","site_admin":false,"name":"Framklin","company":null,"blog":"","location":null,"email":null,"hireable":null,"bio":"Systems Engineer, Statistician and Data Scientist","twitter_username":null,"public_repos":20,"public_gists":0,"followers":2,"following":1,"created_at":"2019-03-22T19:33:04Z","updated_at":"2020-12-08T06:33:56Z","private_gists":0,"total_private_repos":6,"owned_private_repos":6,"disk_usage":149696,"collaborators":2,"two_factor_authentication":false,"plan":{"name":"free","space":976562499,"collaborators":0,"private_repos":10000}}
[info] 
[info] +  Success! Logged into GitHub as josedavila2745 
[info] 
[debug] [2020-12-12T17:57:08.100Z] >>> [apiv2][query] GET https://api.github.com/repos/IDTICS/editor/actions/secrets/public-key type=owner
[debug] [2020-12-12T17:57:08.725Z] <<< [apiv2][status] GET https://api.github.com/repos/IDTICS/editor/actions/secrets/public-key 404
[debug] [2020-12-12T17:57:08.726Z] <<< [apiv2][body] GET https://api.github.com/repos/IDTICS/editor/actions/secrets/public-key {"message":"Not Found","documentation_url":"https://docs.github.com/rest/reference/actions#get-a-repository-public-key"}
[debug] [2020-12-12T17:59:19.824Z] >>> [apiv2][query] GET https://api.github.com/repos/IDTICS/editor/actions/secrets/public-key type=owner
[debug] [2020-12-12T17:59:20.272Z] <<< [apiv2][status] GET https://api.github.com/repos/IDTICS/editor/actions/secrets/public-key 403
[debug] [2020-12-12T17:59:20.273Z] <<< [apiv2][body] GET https://api.github.com/repos/IDTICS/editor/actions/secrets/public-key {"message":"Must have admin rights to Repository.","documentation_url":"https://docs.github.com/rest/reference/actions#get-a-repository-public-key"}
[debug] [2020-12-12T17:59:40.699Z] >>> [apiv2][query] GET https://api.github.com/repos/IDTICS/ editor/actions/secrets/public-key type=owner
[debug] [2020-12-12T17:59:41.086Z] <<< [apiv2][status] GET https://api.github.com/repos/IDTICS/ editor/actions/secrets/public-key 404
[debug] [2020-12-12T17:59:41.087Z] <<< [apiv2][body] GET https://api.github.com/repos/IDTICS/ editor/actions/secrets/public-key {"message":"Not Found","documentation_url":"https://docs.github.com/rest/reference/actions#get-a-repository-public-key"}
[debug] [2020-12-12T18:00:08.260Z] >>> [apiv2][query] GET https://api.github.com/repos/josedavila2745/IDTICS/editor/actions/secrets/public-key type=owner
[debug] [2020-12-12T18:00:08.785Z] <<< [apiv2][status] GET https://api.github.com/repos/josedavila2745/IDTICS/editor/actions/secrets/public-key 404
[debug] [2020-12-12T18:00:08.786Z] <<< [apiv2][body] GET https://api.github.com/repos/josedavila2745/IDTICS/editor/actions/secrets/public-key {"message":"Not Found","documentation_url":"https://docs.github.com/rest"}
[debug] [2020-12-12T18:00:24.358Z] >>> [apiv2][query] GET https://api.github.com/repos/josedavila2745/editor/actions/secrets/public-key type=owner
[debug] [2020-12-12T18:00:24.744Z] <<< [apiv2][status] GET https://api.github.com/repos/josedavila2745/editor/actions/secrets/public-key 404
[debug] [2020-12-12T18:00:24.745Z] <<< [apiv2][body] GET https://api.github.com/repos/josedavila2745/editor/actions/secrets/public-key {"message":"Not Found","documentation_url":"https://docs.github.com/rest/reference/actions#get-a-repository-public-key"}
[debug] [2020-12-12T18:01:29.431Z] >>> [apiv2][query] GET https://api.github.com/repos/IDTICS/editor/actions/secrets/public-key type=owner
[debug] [2020-12-12T18:01:29.802Z] <<< [apiv2][status] GET https://api.github.com/repos/IDTICS/editor/actions/secrets/public-key 403
[debug] [2020-12-12T18:01:29.802Z] <<< [apiv2][body] GET https://api.github.com/repos/IDTICS/editor/actions/secrets/public-key {"message":"Must have admin rights to Repository.","documentation_url":"https://docs.github.com/rest/reference/actions#get-a-repository-public-key"}
[debug] [2020-12-12T18:01:44.549Z] >>> [apiv2][query] GET https://api.github.com/repos/josedavila2745/IDTICS/editor/actions/secrets/public-key type=owner
[debug] [2020-12-12T18:01:45.370Z] <<< [apiv2][status] GET https://api.github.com/repos/josedavila2745/IDTICS/editor/actions/secrets/public-key 404
[debug] [2020-12-12T18:01:45.371Z] <<< [apiv2][body] GET https://api.github.com/repos/josedavila2745/IDTICS/editor/actions/secrets/public-key {"message":"Not Found","documentation_url":"https://docs.github.com/rest"}
[debug] [2020-12-12T18:01:56.250Z] >>> [apiv2][query] GET https://api.github.com/repos/josedavila2745/editor/actions/secrets/public-key type=owner
[debug] [2020-12-12T18:01:56.651Z] <<< [apiv2][status] GET https://api.github.com/repos/josedavila2745/editor/actions/secrets/public-key 404
[debug] [2020-12-12T18:01:56.652Z] <<< [apiv2][body] GET https://api.github.com/repos/josedavila2745/editor/actions/secrets/public-key {"message":"Not Found","documentation_url":"https://docs.github.com/rest/reference/actions#get-a-repository-public-key"}
[debug] [2020-12-12T18:03:29.321Z] >>> [apiv2][query] GET https://api.github.com/repos/IDTICS/editor/actions/secrets/public-key type=owner
[debug] [2020-12-12T18:03:29.743Z] <<< [apiv2][status] GET https://api.github.com/repos/IDTICS/editor/actions/secrets/public-key 403
[debug] [2020-12-12T18:03:29.743Z] <<< [apiv2][body] GET https://api.github.com/repos/IDTICS/editor/actions/secrets/public-key {"message":"Must have admin rights to Repository.","documentation_url":"https://docs.github.com/rest/reference/actions#get-a-repository-public-key"}
